Flow report for soc_system
Wed Aug  3 12:02:41 2022
Quartus Prime Version 21.1.1 Build 850 06/23/2022 SJ Lite Edition


---------------------
; Table of Contents ;
---------------------
  1. Legal Notice
  2. Flow Summary
  3. Flow Settings
  4. Flow Non-Default Global Settings
  5. Flow Elapsed Time
  6. Flow OS Summary
  7. Flow Log
  8. Flow Messages
  9. Flow Suppressed Messages



----------------
; Legal Notice ;
----------------
Copyright (C) 2022  Intel Corporation. All rights reserved.
Your use of Intel Corporation's design tools, logic functions 
and other software and tools, and any partner logic 
functions, and any output files from any of the foregoing 
(including device programming or simulation files), and any 
associated documentation or information are expressly subject 
to the terms and conditions of the Intel Program License 
Subscription Agreement, the Intel Quartus Prime License Agreement,
the Intel FPGA IP License Agreement, or other applicable license
agreement, including, without limitation, that your use is for
the sole purpose of programming logic devices manufactured by
Intel and sold by Intel or its authorized distributors.  Please
refer to the applicable agreement for further details, at
https://fpgasoftware.intel.com/eula.



+-------------------------------------------------------------------------------+
; Flow Summary                                                                  ;
+---------------------------------+---------------------------------------------+
; Flow Status                     ; Successful - Wed Aug  3 12:01:32 2022       ;
; Quartus Prime Version           ; 21.1.1 Build 850 06/23/2022 SJ Lite Edition ;
; Revision Name                   ; soc_system                                  ;
; Top-level Entity Name           ; ghrd                                        ;
; Family                          ; Cyclone V                                   ;
; Device                          ; 5CSEBA6U23I7                                ;
; Timing Models                   ; Final                                       ;
; Logic utilization (in ALMs)     ; 3,496 / 41,910 ( 8 % )                      ;
; Total registers                 ; 5160                                        ;
; Total pins                      ; 230 / 314 ( 73 % )                          ;
; Total virtual pins              ; 0                                           ;
; Total block memory bits         ; 608,256 / 5,662,720 ( 11 % )                ;
; Total DSP Blocks                ; 0 / 112 ( 0 % )                             ;
; Total HSSI RX PCSs              ; 0                                           ;
; Total HSSI PMA RX Deserializers ; 0                                           ;
; Total HSSI TX PCSs              ; 0                                           ;
; Total HSSI PMA TX Serializers   ; 0                                           ;
; Total PLLs                      ; 1 / 6 ( 17 % )                              ;
; Total DLLs                      ; 1 / 4 ( 25 % )                              ;
+---------------------------------+---------------------------------------------+


+-----------------------------------------+
; Flow Settings                           ;
+-------------------+---------------------+
; Option            ; Setting             ;
+-------------------+---------------------+
; Start date & time ; 08/03/2022 11:51:53 ;
; Main task         ; Compilation         ;
; Revision Name     ; soc_system          ;
+-------------------+---------------------+


+------------------------------------------------------------------------------------------------------------------------------------------------------------------------------+
; Flow Non-Default Global Settings                                                                                                                                             ;
+---------------------------------------+-------------------------------------------------------------------+--------------------+--------------------------------+------------+
; Assignment Name                       ; Value                                                             ; Default Value      ; Entity Name                    ; Section Id ;
+---------------------------------------+-------------------------------------------------------------------+--------------------+--------------------------------+------------+
; COMPILER_SIGNATURE_ID                 ; 450629576843.165954190708440                                      ; --                 ; --                             ; --         ;
; FITTER_EFFORT                         ; Standard Fit                                                      ; Auto Fit           ; --                             ; --         ;
; FLOW_ENABLE_RTL_VIEWER                ; On                                                                ; Off                ; --                             ; --         ;
; HPS_ISW_FILE                          ; soc_system/synthesis/submodules/sequencer/alt_types.pre.h         ; --                 ; soc_system_hps_0_hps_io_border ; --         ;
; HPS_ISW_FILE                          ; soc_system/synthesis/submodules/sequencer/emif.pre.xml            ; --                 ; soc_system_hps_0_hps_io_border ; --         ;
; HPS_ISW_FILE                          ; soc_system/synthesis/submodules/sequencer/sdram_io.pre.h          ; --                 ; soc_system_hps_0_hps_io_border ; --         ;
; HPS_ISW_FILE                          ; soc_system/synthesis/submodules/sequencer/sequencer.pre.c         ; --                 ; soc_system_hps_0_hps_io_border ; --         ;
; HPS_ISW_FILE                          ; soc_system/synthesis/submodules/sequencer/sequencer.pre.h         ; --                 ; soc_system_hps_0_hps_io_border ; --         ;
; HPS_ISW_FILE                          ; soc_system/synthesis/submodules/sequencer/sequencer_defines.pre.h ; --                 ; soc_system_hps_0_hps_io_border ; --         ;
; HPS_ISW_FILE                          ; soc_system/synthesis/submodules/sequencer/system.pre.h            ; --                 ; soc_system_hps_0_hps_io_border ; --         ;
; HPS_ISW_FILE                          ; soc_system/synthesis/submodules/sequencer/tclrpt.pre.c            ; --                 ; soc_system_hps_0_hps_io_border ; --         ;
; HPS_ISW_FILE                          ; soc_system/synthesis/submodules/sequencer/tclrpt.pre.h            ; --                 ; soc_system_hps_0_hps_io_border ; --         ;
; HPS_ISW_FILE                          ; soc_system/synthesis/submodules/hps.pre.xml                       ; --                 ; soc_system_hps_0_hps_io_border ; --         ;
; HPS_PARTITION                         ; On                                                                ; --                 ; soc_system_hps_0_hps_io_border ; --         ;
; MAX_CORE_JUNCTION_TEMP                ; 100                                                               ; --                 ; --                             ; --         ;
; MIN_CORE_JUNCTION_TEMP                ; -40                                                               ; --                 ; --                             ; --         ;
; MISC_FILE                             ; FIFo1_inst.vhd                                                    ; --                 ; --                             ; --         ;
; MISC_FILE                             ; FIFo1.inc                                                         ; --                 ; --                             ; --         ;
; MISC_FILE                             ; FIFo1.cmp                                                         ; --                 ; --                             ; --         ;
; MISC_FILE                             ; ip/altsource_probe/hps_reset_bb.v                                 ; --                 ; --                             ; --         ;
; MISC_FILE                             ; soc_system/synthesis/../soc_system.cmp                            ; --                 ; --                             ; --         ;
; MISC_FILE                             ; soc_system/synthesis/../../C                                      ; --                 ; --                             ; --         ;
; MISC_FILE                             ; soc_system/synthesis/soc_system_hps_0_hps.svd                     ; --                 ; --                             ; --         ;
; MISC_FILE                             ; soc_system/synthesis/../../soc_system.qsys                        ; --                 ; --                             ; --         ;
; MISC_FILE                             ; soc_system/synthesis/submodules/sequencer/alt_types.pre.h         ; --                 ; --                             ; --         ;
; MISC_FILE                             ; soc_system/synthesis/submodules/sequencer/emif.pre.xml            ; --                 ; --                             ; --         ;
; MISC_FILE                             ; soc_system/synthesis/submodules/sequencer/sdram_io.pre.h          ; --                 ; --                             ; --         ;
; MISC_FILE                             ; soc_system/synthesis/submodules/sequencer/sequencer.pre.c         ; --                 ; --                             ; --         ;
; MISC_FILE                             ; soc_system/synthesis/submodules/sequencer/sequencer.pre.h         ; --                 ; --                             ; --         ;
; MISC_FILE                             ; soc_system/synthesis/submodules/sequencer/sequencer_defines.pre.h ; --                 ; --                             ; --         ;
; MISC_FILE                             ; soc_system/synthesis/submodules/sequencer/system.pre.h            ; --                 ; --                             ; --         ;
; MISC_FILE                             ; soc_system/synthesis/submodules/sequencer/tclrpt.pre.c            ; --                 ; --                             ; --         ;
; MISC_FILE                             ; soc_system/synthesis/submodules/sequencer/tclrpt.pre.h            ; --                 ; --                             ; --         ;
; MISC_FILE                             ; soc_system/synthesis/submodules/hps.pre.xml                       ; --                 ; --                             ; --         ;
; MISC_FILE                             ; DACpll1_sim/DACpll1.vho                                           ; --                 ; --                             ; --         ;
; MISC_FILE                             ; newpll.cmp                                                        ; --                 ; --                             ; --         ;
; MISC_FILE                             ; newpll_sim/newpll.vho                                             ; --                 ; --                             ; --         ;
; NUM_PARALLEL_PROCESSORS               ; All                                                               ; --                 ; --                             ; --         ;
; OPTIMIZATION_MODE                     ; High Performance Effort                                           ; Balanced           ; --                             ; --         ;
; OPTIMIZATION_TECHNIQUE                ; Speed                                                             ; Balanced           ; --                             ; --         ;
; OPTIMIZE_HOLD_TIMING                  ; Off                                                               ; All Paths          ; --                             ; --         ;
; OPTIMIZE_MULTI_CORNER_TIMING          ; Off                                                               ; On                 ; --                             ; --         ;
; OPTIMIZE_POWER_DURING_SYNTHESIS       ; Extra effort                                                      ; Normal compilation ; --                             ; --         ;
; PARTITION_COLOR                       ; -- (Not supported for targeted family)                            ; --                 ; ghrd                           ; Top        ;
; PARTITION_FITTER_PRESERVATION_LEVEL   ; -- (Not supported for targeted family)                            ; --                 ; ghrd                           ; Top        ;
; PARTITION_NETLIST_TYPE                ; -- (Not supported for targeted family)                            ; --                 ; ghrd                           ; Top        ;
; PHYSICAL_SYNTHESIS_EFFORT             ; Extra                                                             ; Normal             ; --                             ; --         ;
; POWER_BOARD_THERMAL_MODEL             ; None (CONSERVATIVE)                                               ; --                 ; --                             ; --         ;
; POWER_PRESET_COOLING_SOLUTION         ; 23 MM HEAT SINK WITH 200 LFPM AIRFLOW                             ; --                 ; --                             ; --         ;
; SEARCH_PATH                           ; soc_system/synthesis/submodules                                   ; --                 ; --                             ; --         ;
; SLD_FILE                              ; soc_system/synthesis/soc_system.regmap                            ; --                 ; --                             ; --         ;
; SLD_FILE                              ; soc_system/synthesis/soc_system.debuginfo                         ; --                 ; --                             ; --         ;
; SLD_INFO                              ; QSYS_NAME soc_system HAS_SOPCINFO 1 GENERATION_ID 1644272408      ; --                 ; --                             ; --         ;
; SOPCINFO_FILE                         ; soc_system/synthesis/../../soc_system.sopcinfo                    ; --                 ; --                             ; --         ;
; SPD_FILE                              ; DACpll1.spd                                                       ; --                 ; --                             ; --         ;
; SPD_FILE                              ; newpll.spd                                                        ; --                 ; --                             ; --         ;
; SYNTHESIS_ONLY_QIP                    ; On                                                                ; --                 ; --                             ; --         ;
; SYNTHESIS_ONLY_QIP                    ; On                                                                ; --                 ; --                             ; --         ;
; TOP_LEVEL_ENTITY                      ; ghrd                                                              ; soc_system         ; --                             ; --         ;
; USE_DLL_FREQUENCY_FOR_DQS_DELAY_CHAIN ; On                                                                ; Off                ; --                             ; --         ;
+---------------------------------------+-------------------------------------------------------------------+--------------------+--------------------------------+------------+


+--------------------------------------------------------------------------------------------------------------------------+
; Flow Elapsed Time                                                                                                        ;
+----------------------+--------------+-------------------------+---------------------+------------------------------------+
; Module Name          ; Elapsed Time ; Average Processors Used ; Peak Virtual Memory ; Total CPU Time (on all processors) ;
+----------------------+--------------+-------------------------+---------------------+------------------------------------+
; Analysis & Synthesis ; 00:02:39     ; 3.8                     ; 5338 MB             ; 00:03:01                           ;
; Fitter               ; 00:03:57     ; 1.1                     ; 7344 MB             ; 00:11:48                           ;
; Assembler            ; 00:00:37     ; 1.0                     ; 4975 MB             ; 00:00:12                           ;
; Timing Analyzer      ; 00:01:07     ; 1.6                     ; 6115 MB             ; 00:01:12                           ;
; Total                ; 00:08:20     ; --                      ; --                  ; 00:16:13                           ;
+----------------------+--------------+-------------------------+---------------------+------------------------------------+


+------------------------------------------------------------------------------------+
; Flow OS Summary                                                                    ;
+----------------------+------------------+------------+------------+----------------+
; Module Name          ; Machine Hostname ; OS Name    ; OS Version ; Processor type ;
+----------------------+------------------+------------+------------+----------------+
; Analysis & Synthesis ; DESKTOP-76IUPE9  ; Windows 10 ; 10.0       ; x86_64         ;
; Fitter               ; DESKTOP-76IUPE9  ; Windows 10 ; 10.0       ; x86_64         ;
; Assembler            ; DESKTOP-76IUPE9  ; Windows 10 ; 10.0       ; x86_64         ;
; Timing Analyzer      ; DESKTOP-76IUPE9  ; Windows 10 ; 10.0       ; x86_64         ;
+----------------------+------------------+------------+------------+----------------+


------------
; Flow Log ;
------------
quartus_map --read_settings_files=on --write_settings_files=off soc_system -c soc_system
quartus_fit --read_settings_files=off --write_settings_files=off soc_system -c soc_system
quartus_asm --read_settings_files=off --write_settings_files=off soc_system -c soc_system
quartus_sta soc_system -c soc_system



