Archive Project report for soc_system
Fri Nov 04 18:53:09 2016
Quartus II 64-Bit Version 14.0.0 Build 200 06/17/2014 SJ Web Edition


---------------------
; Table of Contents ;
---------------------
  1. Legal Notice
  2. Archive Project Summary
  3. Archive Project Messages
  4. Files Archived



----------------
; Legal Notice ;
----------------
Copyright (C) 1991-2014 Altera Corporation. All rights reserved.
Your use of Altera Corporation's design tools, logic functions 
and other software and tools, and its AMPP partner logic 
functions, and any output files from any of the foregoing 
(including device programming or simulation files), and any 
associated documentation or information are expressly subject 
to the terms and conditions of the Altera Program License 
Subscription Agreement, the Altera Quartus II License Agreement,
the Altera MegaCore Function License Agreement, or other 
applicable license agreement, including, without limitation, 
that your use is for the sole purpose of programming logic 
devices manufactured by Altera and sold by Altera or its 
authorized distributors.  Please refer to the applicable 
agreement for further details.



+----------------------------------------------------------------+
; Archive Project Summary                                        ;
+------------------------+---------------------------------------+
; Archive Project Status ; Successful - Fri Nov 04 18:53:09 2016 ;
; Revision Name          ; soc_system                            ;
; Top-level Entity Name  ; ghrd                                  ;
; Family                 ; Cyclone V                             ;
+------------------------+---------------------------------------+


+--------------------------+
; Archive Project Messages ;
+--------------------------+
Info: File Set 'Compilation database and output' contains:
    Info: Project source and settings files
    Info: Automatically detected source files
    Info: Report files
    Info: Programming output files
    Info: Version-incompatible compilation database files
    Info: Incremental compilation and Rapid Recompile database files (version-incompatible)
Info: Archive will store files relative to the closest common parent directory
Info (13213): Using common directory C:
Info: ----------------------------------------------------------
Info: ----------------------------------------------------------
Info: Generated archive 'best.qar'
Info: ----------------------------------------------------------
Info: ----------------------------------------------------------
Info: Generated report 'soc_system.archive.rpt'


+--------------------------------------------------------------------------------------+
; Files Archived                                                                       ;
+--------------------------------------------------------------------------------------+
; File Name                                                                            ;
+--------------------------------------------------------------------------------------+
; ../../../../altera/13.0/readSideDriver.vhd                                           ;
; ../../../../altera/13.0/writeSideDriver.vhd                                          ;
; ../../Dropbox/Cold Atoms/Will/Nios 2/AD5791_SPI_Driver_2.vhd                         ;
; C:/altera/13.0/readSideDriver.vhd                                                    ;
; C:/altera/13.0/writeSideDriver.vhd                                                   ;
; c:/altera/14.0w/quartus/libraries/megafunctions/a_dpfifo.inc                         ;
; c:/altera/14.0w/quartus/libraries/megafunctions/a_f2fifo.inc                         ;
; c:/altera/14.0w/quartus/libraries/megafunctions/a_fefifo.inc                         ;
; c:/altera/14.0w/quartus/libraries/megafunctions/a_fffifo.inc                         ;
; c:/altera/14.0w/quartus/libraries/megafunctions/a_gray2bin.inc                       ;
; c:/altera/14.0w/quartus/libraries/megafunctions/a_graycounter.inc                    ;
; c:/altera/14.0w/quartus/libraries/megafunctions/a_i2fifo.inc                         ;
; c:/altera/14.0w/quartus/libraries/megafunctions/a_rdenreg.inc                        ;
; c:/altera/14.0w/quartus/libraries/megafunctions/a_regfifo.inc                        ;
; c:/altera/14.0w/quartus/libraries/megafunctions/aglobal140.inc                       ;
; c:/altera/14.0w/quartus/libraries/megafunctions/alt_jtag_atlantic.v                  ;
; c:/altera/14.0w/quartus/libraries/megafunctions/alt_sync_fifo.inc                    ;
; c:/altera/14.0w/quartus/libraries/megafunctions/altddio_out.tdf                      ;
; c:/altera/14.0w/quartus/libraries/megafunctions/altdpram.inc                         ;
; c:/altera/14.0w/quartus/libraries/megafunctions/altera_pll.v                         ;
; c:/altera/14.0w/quartus/libraries/megafunctions/altera_std_synchronizer.v            ;
; c:/altera/14.0w/quartus/libraries/megafunctions/altram.inc                           ;
; c:/altera/14.0w/quartus/libraries/megafunctions/altrom.inc                           ;
; c:/altera/14.0w/quartus/libraries/megafunctions/altsource_probe.v                    ;
; c:/altera/14.0w/quartus/libraries/megafunctions/altsource_probe_body.vhd             ;
; c:/altera/14.0w/quartus/libraries/megafunctions/altsyncram.tdf                       ;
; c:/altera/14.0w/quartus/libraries/megafunctions/altsyncram_fifo.inc                  ;
; c:/altera/14.0w/quartus/libraries/megafunctions/cbx.lst                              ;
; c:/altera/14.0w/quartus/libraries/megafunctions/cyclone_ddio.inc                     ;
; c:/altera/14.0w/quartus/libraries/megafunctions/dcfifo.tdf                           ;
; c:/altera/14.0w/quartus/libraries/megafunctions/dffpipe.inc                          ;
; c:/altera/14.0w/quartus/libraries/megafunctions/lpm_add_sub.inc                      ;
; c:/altera/14.0w/quartus/libraries/megafunctions/lpm_compare.inc                      ;
; c:/altera/14.0w/quartus/libraries/megafunctions/lpm_counter.inc                      ;
; c:/altera/14.0w/quartus/libraries/megafunctions/lpm_decode.inc                       ;
; c:/altera/14.0w/quartus/libraries/megafunctions/lpm_mux.inc                          ;
; c:/altera/14.0w/quartus/libraries/megafunctions/scfifo.tdf                           ;
; c:/altera/14.0w/quartus/libraries/megafunctions/sld_hub.vhd                          ;
; c:/altera/14.0w/quartus/libraries/megafunctions/sld_jtag_hub.vhd                     ;
; c:/altera/14.0w/quartus/libraries/megafunctions/sld_rom_sr.vhd                       ;
; c:/altera/14.0w/quartus/libraries/megafunctions/sld_virtual_jtag_basic.v             ;
; c:/altera/14.0w/quartus/libraries/megafunctions/stratix_ddio.inc                     ;
; c:/altera/14.0w/quartus/libraries/megafunctions/stratix_lcell.inc                    ;
; c:/altera/14.0w/quartus/libraries/megafunctions/stratix_ram_block.inc                ;
; c:/altera/14.0w/quartus/libraries/vhdl/ieee/prmtvs_b.vhd                             ;
; c:/altera/14.0w/quartus/libraries/vhdl/ieee/prmtvs_p.vhd                             ;
; c:/altera/14.0w/quartus/libraries/vhdl/ieee/timing_b.vhd                             ;
; c:/altera/14.0w/quartus/libraries/vhdl/ieee/timing_p.vhd                             ;
; C:/Users/will/Dropbox/Cold Atoms/Will/Nios 2/AD5791_SPI_Driver_2.vhd                 ;
; DACpll1.sip                                                                          ;
; DACpll1.spd                                                                          ;
; DACpll1.vhd                                                                          ;
; DACpll1/DACpll1_0002.v                                                               ;
; DACpll1_sim/DACpll1.vho                                                              ;
; db/a_dpfifo_a891.tdf                                                                 ;
; db/a_fefifo_7cf.tdf                                                                  ;
; db/a_gray2bin_a9b.tdf                                                                ;
; db/a_graycounter_3ub.tdf                                                             ;
; db/a_graycounter_7g6.tdf                                                             ;
; db/alt_synch_pipe_2u7.tdf                                                            ;
; db/alt_synch_pipe_3u7.tdf                                                            ;
; db/altsyncram_b8s1.tdf                                                               ;
; db/altsyncram_g0n1.tdf                                                               ;
; db/altsyncram_pu41.tdf                                                               ;
; db/altsyncram_vkj1.tdf                                                               ;
; db/cmpr_pu5.tdf                                                                      ;
; db/cmpr_qu5.tdf                                                                      ;
; db/cntr_jgb.tdf                                                                      ;
; db/cntr_vg7.tdf                                                                      ;
; db/dcfifo_87m1.tdf                                                                   ;
; db/ddio_out_uqe.tdf                                                                  ;
; db/dffpipe_ru8.tdf                                                                   ;
; db/dffpipe_su8.tdf                                                                   ;
; db/dffpipe_tu8.tdf                                                                   ;
; db/dpram_7s81.tdf                                                                    ;
; db/mux_5r7.tdf                                                                       ;
; db/scfifo_3291.tdf                                                                   ;
; db/soc_system.(0).cnf.cdb                                                            ;
; db/soc_system.(0).cnf.hdb                                                            ;
; db/soc_system.(1).cnf.cdb                                                            ;
; db/soc_system.(1).cnf.hdb                                                            ;
; db/soc_system.(2).cnf.cdb                                                            ;
; db/soc_system.(2).cnf.hdb                                                            ;
; db/soc_system.(3).cnf.cdb                                                            ;
; db/soc_system.(3).cnf.hdb                                                            ;
; db/soc_system.(4).cnf.cdb                                                            ;
; db/soc_system.(4).cnf.hdb                                                            ;
; db/soc_system.(5).cnf.cdb                                                            ;
; db/soc_system.(5).cnf.hdb                                                            ;
; db/soc_system.(6).cnf.cdb                                                            ;
; db/soc_system.(6).cnf.hdb                                                            ;
; db/soc_system.(7).cnf.cdb                                                            ;
; db/soc_system.(7).cnf.hdb                                                            ;
; db/soc_system.(8).cnf.cdb                                                            ;
; db/soc_system.(8).cnf.hdb                                                            ;
; db/soc_system.(9).cnf.cdb                                                            ;
; db/soc_system.(9).cnf.hdb                                                            ;
; db/soc_system.(10).cnf.cdb                                                           ;
; db/soc_system.(10).cnf.hdb                                                           ;
; db/soc_system.(11).cnf.cdb                                                           ;
; db/soc_system.(11).cnf.hdb                                                           ;
; db/soc_system.(12).cnf.cdb                                                           ;
; db/soc_system.(12).cnf.hdb                                                           ;
; db/soc_system.(13).cnf.cdb                                                           ;
; db/soc_system.(13).cnf.hdb                                                           ;
; db/soc_system.(14).cnf.cdb                                                           ;
; db/soc_system.(14).cnf.hdb                                                           ;
; db/soc_system.(15).cnf.cdb                                                           ;
; db/soc_system.(15).cnf.hdb                                                           ;
; db/soc_system.(16).cnf.cdb                                                           ;
; db/soc_system.(16).cnf.hdb                                                           ;
; db/soc_system.(17).cnf.cdb                                                           ;
; db/soc_system.(17).cnf.hdb                                                           ;
; db/soc_system.(18).cnf.cdb                                                           ;
; db/soc_system.(18).cnf.hdb                                                           ;
; db/soc_system.(19).cnf.cdb                                                           ;
; db/soc_system.(19).cnf.hdb                                                           ;
; db/soc_system.(20).cnf.cdb                                                           ;
; db/soc_system.(20).cnf.hdb                                                           ;
; db/soc_system.(21).cnf.cdb                                                           ;
; db/soc_system.(21).cnf.hdb                                                           ;
; db/soc_system.(22).cnf.cdb                                                           ;
; db/soc_system.(22).cnf.hdb                                                           ;
; db/soc_system.(23).cnf.cdb                                                           ;
; db/soc_system.(23).cnf.hdb                                                           ;
; db/soc_system.(24).cnf.cdb                                                           ;
; db/soc_system.(24).cnf.hdb                                                           ;
; db/soc_system.(25).cnf.cdb                                                           ;
; db/soc_system.(25).cnf.hdb                                                           ;
; db/soc_system.(26).cnf.cdb                                                           ;
; db/soc_system.(26).cnf.hdb                                                           ;
; db/soc_system.(27).cnf.cdb                                                           ;
; db/soc_system.(27).cnf.hdb                                                           ;
; db/soc_system.(28).cnf.cdb                                                           ;
; db/soc_system.(28).cnf.hdb                                                           ;
; db/soc_system.(29).cnf.cdb                                                           ;
; db/soc_system.(29).cnf.hdb                                                           ;
; db/soc_system.(30).cnf.cdb                                                           ;
; db/soc_system.(30).cnf.hdb                                                           ;
; db/soc_system.(31).cnf.cdb                                                           ;
; db/soc_system.(31).cnf.hdb                                                           ;
; db/soc_system.(32).cnf.cdb                                                           ;
; db/soc_system.(32).cnf.hdb                                                           ;
; db/soc_system.(33).cnf.cdb                                                           ;
; db/soc_system.(33).cnf.hdb                                                           ;
; db/soc_system.(34).cnf.cdb                                                           ;
; db/soc_system.(34).cnf.hdb                                                           ;
; db/soc_system.(35).cnf.cdb                                                           ;
; db/soc_system.(35).cnf.hdb                                                           ;
; db/soc_system.(36).cnf.cdb                                                           ;
; db/soc_system.(36).cnf.hdb                                                           ;
; db/soc_system.(37).cnf.cdb                                                           ;
; db/soc_system.(37).cnf.hdb                                                           ;
; db/soc_system.(38).cnf.cdb                                                           ;
; db/soc_system.(38).cnf.hdb                                                           ;
; db/soc_system.(39).cnf.cdb                                                           ;
; db/soc_system.(39).cnf.hdb                                                           ;
; db/soc_system.(40).cnf.cdb                                                           ;
; db/soc_system.(40).cnf.hdb                                                           ;
; db/soc_system.(41).cnf.cdb                                                           ;
; db/soc_system.(41).cnf.hdb                                                           ;
; db/soc_system.(42).cnf.cdb                                                           ;
; db/soc_system.(42).cnf.hdb                                                           ;
; db/soc_system.(43).cnf.cdb                                                           ;
; db/soc_system.(43).cnf.hdb                                                           ;
; db/soc_system.(44).cnf.cdb                                                           ;
; db/soc_system.(44).cnf.hdb                                                           ;
; db/soc_system.(45).cnf.cdb                                                           ;
; db/soc_system.(45).cnf.hdb                                                           ;
; db/soc_system.(46).cnf.cdb                                                           ;
; db/soc_system.(46).cnf.hdb                                                           ;
; db/soc_system.(47).cnf.cdb                                                           ;
; db/soc_system.(47).cnf.hdb                                                           ;
; db/soc_system.(48).cnf.cdb                                                           ;
; db/soc_system.(48).cnf.hdb                                                           ;
; db/soc_system.(49).cnf.cdb                                                           ;
; db/soc_system.(49).cnf.hdb                                                           ;
; db/soc_system.(50).cnf.cdb                                                           ;
; db/soc_system.(50).cnf.hdb                                                           ;
; db/soc_system.(51).cnf.cdb                                                           ;
; db/soc_system.(51).cnf.hdb                                                           ;
; db/soc_system.(52).cnf.cdb                                                           ;
; db/soc_system.(52).cnf.hdb                                                           ;
; db/soc_system.(53).cnf.cdb                                                           ;
; db/soc_system.(53).cnf.hdb                                                           ;
; db/soc_system.(54).cnf.cdb                                                           ;
; db/soc_system.(54).cnf.hdb                                                           ;
; db/soc_system.(55).cnf.cdb                                                           ;
; db/soc_system.(55).cnf.hdb                                                           ;
; db/soc_system.(56).cnf.cdb                                                           ;
; db/soc_system.(56).cnf.hdb                                                           ;
; db/soc_system.(57).cnf.cdb                                                           ;
; db/soc_system.(57).cnf.hdb                                                           ;
; db/soc_system.(58).cnf.cdb                                                           ;
; db/soc_system.(58).cnf.hdb                                                           ;
; db/soc_system.(59).cnf.cdb                                                           ;
; db/soc_system.(59).cnf.hdb                                                           ;
; db/soc_system.(60).cnf.cdb                                                           ;
; db/soc_system.(60).cnf.hdb                                                           ;
; db/soc_system.(61).cnf.cdb                                                           ;
; db/soc_system.(61).cnf.hdb                                                           ;
; db/soc_system.(62).cnf.cdb                                                           ;
; db/soc_system.(62).cnf.hdb                                                           ;
; db/soc_system.(63).cnf.cdb                                                           ;
; db/soc_system.(63).cnf.hdb                                                           ;
; db/soc_system.(64).cnf.cdb                                                           ;
; db/soc_system.(64).cnf.hdb                                                           ;
; db/soc_system.(65).cnf.cdb                                                           ;
; db/soc_system.(65).cnf.hdb                                                           ;
; db/soc_system.(66).cnf.cdb                                                           ;
; db/soc_system.(66).cnf.hdb                                                           ;
; db/soc_system.(67).cnf.cdb                                                           ;
; db/soc_system.(67).cnf.hdb                                                           ;
; db/soc_system.(68).cnf.cdb                                                           ;
; db/soc_system.(68).cnf.hdb                                                           ;
; db/soc_system.(69).cnf.cdb                                                           ;
; db/soc_system.(69).cnf.hdb                                                           ;
; db/soc_system.(70).cnf.cdb                                                           ;
; db/soc_system.(70).cnf.hdb                                                           ;
; db/soc_system.(71).cnf.cdb                                                           ;
; db/soc_system.(71).cnf.hdb                                                           ;
; db/soc_system.(72).cnf.cdb                                                           ;
; db/soc_system.(72).cnf.hdb                                                           ;
; db/soc_system.(73).cnf.cdb                                                           ;
; db/soc_system.(73).cnf.hdb                                                           ;
; db/soc_system.(74).cnf.cdb                                                           ;
; db/soc_system.(74).cnf.hdb                                                           ;
; db/soc_system.(75).cnf.cdb                                                           ;
; db/soc_system.(75).cnf.hdb                                                           ;
; db/soc_system.(76).cnf.cdb                                                           ;
; db/soc_system.(76).cnf.hdb                                                           ;
; db/soc_system.(77).cnf.cdb                                                           ;
; db/soc_system.(77).cnf.hdb                                                           ;
; db/soc_system.(78).cnf.cdb                                                           ;
; db/soc_system.(78).cnf.hdb                                                           ;
; db/soc_system.(79).cnf.cdb                                                           ;
; db/soc_system.(79).cnf.hdb                                                           ;
; db/soc_system.(80).cnf.cdb                                                           ;
; db/soc_system.(80).cnf.hdb                                                           ;
; db/soc_system.(81).cnf.cdb                                                           ;
; db/soc_system.(81).cnf.hdb                                                           ;
; db/soc_system.(82).cnf.cdb                                                           ;
; db/soc_system.(82).cnf.hdb                                                           ;
; db/soc_system.(83).cnf.cdb                                                           ;
; db/soc_system.(83).cnf.hdb                                                           ;
; db/soc_system.(84).cnf.cdb                                                           ;
; db/soc_system.(84).cnf.hdb                                                           ;
; db/soc_system.(85).cnf.cdb                                                           ;
; db/soc_system.(85).cnf.hdb                                                           ;
; db/soc_system.(86).cnf.cdb                                                           ;
; db/soc_system.(86).cnf.hdb                                                           ;
; db/soc_system.(87).cnf.cdb                                                           ;
; db/soc_system.(87).cnf.hdb                                                           ;
; db/soc_system.(88).cnf.cdb                                                           ;
; db/soc_system.(88).cnf.hdb                                                           ;
; db/soc_system.(89).cnf.cdb                                                           ;
; db/soc_system.(89).cnf.hdb                                                           ;
; db/soc_system.(90).cnf.cdb                                                           ;
; db/soc_system.(90).cnf.hdb                                                           ;
; db/soc_system.(91).cnf.cdb                                                           ;
; db/soc_system.(91).cnf.hdb                                                           ;
; db/soc_system.(92).cnf.cdb                                                           ;
; db/soc_system.(92).cnf.hdb                                                           ;
; db/soc_system.(93).cnf.cdb                                                           ;
; db/soc_system.(93).cnf.hdb                                                           ;
; db/soc_system.(94).cnf.cdb                                                           ;
; db/soc_system.(94).cnf.hdb                                                           ;
; db/soc_system.(95).cnf.cdb                                                           ;
; db/soc_system.(95).cnf.hdb                                                           ;
; db/soc_system.(96).cnf.cdb                                                           ;
; db/soc_system.(96).cnf.hdb                                                           ;
; db/soc_system.(97).cnf.cdb                                                           ;
; db/soc_system.(97).cnf.hdb                                                           ;
; db/soc_system.(98).cnf.cdb                                                           ;
; db/soc_system.(98).cnf.hdb                                                           ;
; db/soc_system.(99).cnf.cdb                                                           ;
; db/soc_system.(99).cnf.hdb                                                           ;
; db/soc_system.(100).cnf.cdb                                                          ;
; db/soc_system.(100).cnf.hdb                                                          ;
; db/soc_system.(101).cnf.cdb                                                          ;
; db/soc_system.(101).cnf.hdb                                                          ;
; db/soc_system.(102).cnf.cdb                                                          ;
; db/soc_system.(102).cnf.hdb                                                          ;
; db/soc_system.(103).cnf.cdb                                                          ;
; db/soc_system.(103).cnf.hdb                                                          ;
; db/soc_system.(104).cnf.cdb                                                          ;
; db/soc_system.(104).cnf.hdb                                                          ;
; db/soc_system.(105).cnf.cdb                                                          ;
; db/soc_system.(105).cnf.hdb                                                          ;
; db/soc_system.(106).cnf.cdb                                                          ;
; db/soc_system.(106).cnf.hdb                                                          ;
; db/soc_system.(107).cnf.cdb                                                          ;
; db/soc_system.(107).cnf.hdb                                                          ;
; db/soc_system.(108).cnf.cdb                                                          ;
; db/soc_system.(108).cnf.hdb                                                          ;
; db/soc_system.(109).cnf.cdb                                                          ;
; db/soc_system.(109).cnf.hdb                                                          ;
; db/soc_system.(110).cnf.cdb                                                          ;
; db/soc_system.(110).cnf.hdb                                                          ;
; db/soc_system.(111).cnf.cdb                                                          ;
; db/soc_system.(111).cnf.hdb                                                          ;
; db/soc_system.(112).cnf.cdb                                                          ;
; db/soc_system.(112).cnf.hdb                                                          ;
; db/soc_system.(113).cnf.cdb                                                          ;
; db/soc_system.(113).cnf.hdb                                                          ;
; db/soc_system.(114).cnf.cdb                                                          ;
; db/soc_system.(114).cnf.hdb                                                          ;
; db/soc_system.(115).cnf.cdb                                                          ;
; db/soc_system.(115).cnf.hdb                                                          ;
; db/soc_system.(116).cnf.cdb                                                          ;
; db/soc_system.(116).cnf.hdb                                                          ;
; db/soc_system.(117).cnf.cdb                                                          ;
; db/soc_system.(117).cnf.hdb                                                          ;
; db/soc_system.(118).cnf.cdb                                                          ;
; db/soc_system.(118).cnf.hdb                                                          ;
; db/soc_system.(119).cnf.cdb                                                          ;
; db/soc_system.(119).cnf.hdb                                                          ;
; db/soc_system.(120).cnf.cdb                                                          ;
; db/soc_system.(120).cnf.hdb                                                          ;
; db/soc_system.(121).cnf.cdb                                                          ;
; db/soc_system.(121).cnf.hdb                                                          ;
; db/soc_system.(122).cnf.cdb                                                          ;
; db/soc_system.(122).cnf.hdb                                                          ;
; db/soc_system.(123).cnf.cdb                                                          ;
; db/soc_system.(123).cnf.hdb                                                          ;
; db/soc_system.(124).cnf.cdb                                                          ;
; db/soc_system.(124).cnf.hdb                                                          ;
; db/soc_system.(125).cnf.cdb                                                          ;
; db/soc_system.(125).cnf.hdb                                                          ;
; db/soc_system.(126).cnf.cdb                                                          ;
; db/soc_system.(126).cnf.hdb                                                          ;
; db/soc_system.(127).cnf.cdb                                                          ;
; db/soc_system.(127).cnf.hdb                                                          ;
; db/soc_system.(128).cnf.cdb                                                          ;
; db/soc_system.(128).cnf.hdb                                                          ;
; db/soc_system.(129).cnf.cdb                                                          ;
; db/soc_system.(129).cnf.hdb                                                          ;
; db/soc_system.(130).cnf.cdb                                                          ;
; db/soc_system.(130).cnf.hdb                                                          ;
; db/soc_system.(131).cnf.cdb                                                          ;
; db/soc_system.(131).cnf.hdb                                                          ;
; db/soc_system.(132).cnf.cdb                                                          ;
; db/soc_system.(132).cnf.hdb                                                          ;
; db/soc_system.(133).cnf.cdb                                                          ;
; db/soc_system.(133).cnf.hdb                                                          ;
; db/soc_system.(134).cnf.cdb                                                          ;
; db/soc_system.(134).cnf.hdb                                                          ;
; db/soc_system.(135).cnf.cdb                                                          ;
; db/soc_system.(135).cnf.hdb                                                          ;
; db/soc_system.(136).cnf.cdb                                                          ;
; db/soc_system.(136).cnf.hdb                                                          ;
; db/soc_system.(137).cnf.cdb                                                          ;
; db/soc_system.(137).cnf.hdb                                                          ;
; db/soc_system.(138).cnf.cdb                                                          ;
; db/soc_system.(138).cnf.hdb                                                          ;
; db/soc_system.(139).cnf.cdb                                                          ;
; db/soc_system.(139).cnf.hdb                                                          ;
; db/soc_system.(140).cnf.cdb                                                          ;
; db/soc_system.(140).cnf.hdb                                                          ;
; db/soc_system.(141).cnf.cdb                                                          ;
; db/soc_system.(141).cnf.hdb                                                          ;
; db/soc_system.(142).cnf.cdb                                                          ;
; db/soc_system.(142).cnf.hdb                                                          ;
; db/soc_system.(143).cnf.cdb                                                          ;
; db/soc_system.(143).cnf.hdb                                                          ;
; db/soc_system.(144).cnf.cdb                                                          ;
; db/soc_system.(144).cnf.hdb                                                          ;
; db/soc_system.(145).cnf.cdb                                                          ;
; db/soc_system.(145).cnf.hdb                                                          ;
; db/soc_system.(146).cnf.cdb                                                          ;
; db/soc_system.(146).cnf.hdb                                                          ;
; db/soc_system.(147).cnf.cdb                                                          ;
; db/soc_system.(147).cnf.hdb                                                          ;
; db/soc_system.(148).cnf.cdb                                                          ;
; db/soc_system.(148).cnf.hdb                                                          ;
; db/soc_system.(149).cnf.cdb                                                          ;
; db/soc_system.(149).cnf.hdb                                                          ;
; db/soc_system.(150).cnf.cdb                                                          ;
; db/soc_system.(150).cnf.hdb                                                          ;
; db/soc_system.(151).cnf.cdb                                                          ;
; db/soc_system.(151).cnf.hdb                                                          ;
; db/soc_system.(152).cnf.cdb                                                          ;
; db/soc_system.(152).cnf.hdb                                                          ;
; db/soc_system.(153).cnf.cdb                                                          ;
; db/soc_system.(153).cnf.hdb                                                          ;
; db/soc_system.(154).cnf.cdb                                                          ;
; db/soc_system.(154).cnf.hdb                                                          ;
; db/soc_system.(155).cnf.cdb                                                          ;
; db/soc_system.(155).cnf.hdb                                                          ;
; db/soc_system.(156).cnf.cdb                                                          ;
; db/soc_system.(156).cnf.hdb                                                          ;
; db/soc_system.(157).cnf.cdb                                                          ;
; db/soc_system.(157).cnf.hdb                                                          ;
; db/soc_system.(158).cnf.cdb                                                          ;
; db/soc_system.(158).cnf.hdb                                                          ;
; db/soc_system.(159).cnf.cdb                                                          ;
; db/soc_system.(159).cnf.hdb                                                          ;
; db/soc_system.(160).cnf.cdb                                                          ;
; db/soc_system.(160).cnf.hdb                                                          ;
; db/soc_system.(161).cnf.cdb                                                          ;
; db/soc_system.(161).cnf.hdb                                                          ;
; db/soc_system.(162).cnf.cdb                                                          ;
; db/soc_system.(162).cnf.hdb                                                          ;
; db/soc_system.(163).cnf.cdb                                                          ;
; db/soc_system.(163).cnf.hdb                                                          ;
; db/soc_system.(164).cnf.cdb                                                          ;
; db/soc_system.(164).cnf.hdb                                                          ;
; db/soc_system.(165).cnf.cdb                                                          ;
; db/soc_system.(165).cnf.hdb                                                          ;
; db/soc_system.(166).cnf.cdb                                                          ;
; db/soc_system.(166).cnf.hdb                                                          ;
; db/soc_system.(167).cnf.cdb                                                          ;
; db/soc_system.(167).cnf.hdb                                                          ;
; db/soc_system.(168).cnf.cdb                                                          ;
; db/soc_system.(168).cnf.hdb                                                          ;
; db/soc_system.(169).cnf.cdb                                                          ;
; db/soc_system.(169).cnf.hdb                                                          ;
; db/soc_system.(170).cnf.cdb                                                          ;
; db/soc_system.(170).cnf.hdb                                                          ;
; db/soc_system.(171).cnf.cdb                                                          ;
; db/soc_system.(171).cnf.hdb                                                          ;
; db/soc_system.(172).cnf.cdb                                                          ;
; db/soc_system.(172).cnf.hdb                                                          ;
; db/soc_system.(173).cnf.cdb                                                          ;
; db/soc_system.(173).cnf.hdb                                                          ;
; db/soc_system.(174).cnf.cdb                                                          ;
; db/soc_system.(174).cnf.hdb                                                          ;
; db/soc_system.(175).cnf.cdb                                                          ;
; db/soc_system.(175).cnf.hdb                                                          ;
; db/soc_system.(176).cnf.cdb                                                          ;
; db/soc_system.(176).cnf.hdb                                                          ;
; db/soc_system.(177).cnf.cdb                                                          ;
; db/soc_system.(177).cnf.hdb                                                          ;
; db/soc_system.(178).cnf.cdb                                                          ;
; db/soc_system.(178).cnf.hdb                                                          ;
; db/soc_system.(179).cnf.cdb                                                          ;
; db/soc_system.(179).cnf.hdb                                                          ;
; db/soc_system.(180).cnf.cdb                                                          ;
; db/soc_system.(180).cnf.hdb                                                          ;
; db/soc_system.(181).cnf.cdb                                                          ;
; db/soc_system.(181).cnf.hdb                                                          ;
; db/soc_system.(182).cnf.cdb                                                          ;
; db/soc_system.(182).cnf.hdb                                                          ;
; db/soc_system.(183).cnf.cdb                                                          ;
; db/soc_system.(183).cnf.hdb                                                          ;
; db/soc_system.(184).cnf.cdb                                                          ;
; db/soc_system.(184).cnf.hdb                                                          ;
; db/soc_system.(185).cnf.cdb                                                          ;
; db/soc_system.(185).cnf.hdb                                                          ;
; db/soc_system.(186).cnf.cdb                                                          ;
; db/soc_system.(186).cnf.hdb                                                          ;
; db/soc_system.(187).cnf.cdb                                                          ;
; db/soc_system.(187).cnf.hdb                                                          ;
; db/soc_system.(188).cnf.cdb                                                          ;
; db/soc_system.(188).cnf.hdb                                                          ;
; db/soc_system.(189).cnf.cdb                                                          ;
; db/soc_system.(189).cnf.hdb                                                          ;
; db/soc_system.(190).cnf.cdb                                                          ;
; db/soc_system.(190).cnf.hdb                                                          ;
; db/soc_system.(191).cnf.cdb                                                          ;
; db/soc_system.(191).cnf.hdb                                                          ;
; db/soc_system.(192).cnf.cdb                                                          ;
; db/soc_system.(192).cnf.hdb                                                          ;
; db/soc_system.(193).cnf.cdb                                                          ;
; db/soc_system.(193).cnf.hdb                                                          ;
; db/soc_system.(194).cnf.cdb                                                          ;
; db/soc_system.(194).cnf.hdb                                                          ;
; db/soc_system.(195).cnf.cdb                                                          ;
; db/soc_system.(195).cnf.hdb                                                          ;
; db/soc_system.(196).cnf.cdb                                                          ;
; db/soc_system.(196).cnf.hdb                                                          ;
; db/soc_system.(197).cnf.cdb                                                          ;
; db/soc_system.(197).cnf.hdb                                                          ;
; db/soc_system.(198).cnf.cdb                                                          ;
; db/soc_system.(198).cnf.hdb                                                          ;
; db/soc_system.(199).cnf.cdb                                                          ;
; db/soc_system.(199).cnf.hdb                                                          ;
; db/soc_system.(200).cnf.cdb                                                          ;
; db/soc_system.(200).cnf.hdb                                                          ;
; db/soc_system.(201).cnf.cdb                                                          ;
; db/soc_system.(201).cnf.hdb                                                          ;
; db/soc_system.(202).cnf.cdb                                                          ;
; db/soc_system.(202).cnf.hdb                                                          ;
; db/soc_system.(203).cnf.cdb                                                          ;
; db/soc_system.(203).cnf.hdb                                                          ;
; db/soc_system.archive.qmsg                                                           ;
; db/soc_system.asm.qmsg                                                               ;
; db/soc_system.asm.rdb                                                                ;
; db/soc_system.autoh_e40e1.map.reg_db.cdb                                             ;
; db/soc_system.borde_e9e61.map.reg_db.cdb                                             ;
; db/soc_system.cbx.xml                                                                ;
; db/soc_system.cmp.bpm                                                                ;
; db/soc_system.cmp.cdb                                                                ;
; db/soc_system.cmp.hdb                                                                ;
; db/soc_system.cmp.idb                                                                ;
; db/soc_system.cmp.logdb                                                              ;
; db/soc_system.cmp.rdb                                                                ;
; db/soc_system.cmp_merge.kpt                                                          ;
; db/soc_system.cyclonev_io_sim_cache.ff_0c_fast.hsd                                   ;
; db/soc_system.cyclonev_io_sim_cache.ff_85c_fast.hsd                                  ;
; db/soc_system.cyclonev_io_sim_cache.tt_0c_slow.hsd                                   ;
; db/soc_system.cyclonev_io_sim_cache.tt_85c_slow.hsd                                  ;
; db/soc_system.db_info                                                                ;
; db/soc_system.eda.qmsg                                                               ;
; db/soc_system.fit.qmsg                                                               ;
; db/soc_system.hier_info                                                              ;
; db/soc_system.hif                                                                    ;
; db/soc_system.logic_util_heuristic.dat                                               ;
; db/soc_system.lpc.html                                                               ;
; db/soc_system.lpc.rdb                                                                ;
; db/soc_system.lpc.txt                                                                ;
; db/soc_system.map.ammdb                                                              ;
; db/soc_system.map.bpm                                                                ;
; db/soc_system.map.cdb                                                                ;
; db/soc_system.map.hdb                                                                ;
; db/soc_system.map.kpt                                                                ;
; db/soc_system.map.qmsg                                                               ;
; db/soc_system.map.rdb                                                                ;
; db/soc_system.map_bb.cdb                                                             ;
; db/soc_system.map_bb.hdb                                                             ;
; db/soc_system.npp.qmsg                                                               ;
; db/soc_system.pplq.rdb                                                               ;
; db/soc_system.pre_map.hdb                                                            ;
; db/soc_system.pti_db_list.ddb                                                        ;
; db/soc_system.qns                                                                    ;
; db/soc_system.root_partition.map.reg_db.cdb                                          ;
; db/soc_system.routing.rdb                                                            ;
; db/soc_system.rtlv.hdb                                                               ;
; db/soc_system.rtlv_sg.cdb                                                            ;
; db/soc_system.rtlv_sg_swap.cdb                                                       ;
; db/soc_system.sgate.nvd                                                              ;
; db/soc_system.sgate_sm.nvd                                                           ;
; db/soc_system.sgate_sm_bdd.nvd                                                       ;
; db/soc_system.sld_design_entry.sci                                                   ;
; db/soc_system.sld_design_entry_dsc.sci                                               ;
; db/soc_system.smart_action.txt                                                       ;
; db/soc_system.smp_dump.txt                                                           ;
; db/soc_system.sta.qmsg                                                               ;
; db/soc_system.sta.rdb                                                                ;
; db/soc_system.sta_cmp.6_slow_1100mv_85c.tdb                                          ;
; db/soc_system.taw.rdb                                                                ;
; db/soc_system.tis_db_list.ddb                                                        ;
; db/soc_system.tiscmp.fast_1100mv_0c.ddb                                              ;
; db/soc_system.tiscmp.fast_1100mv_85c.ddb                                             ;
; db/soc_system.tiscmp.slow_1100mv_0c.ddb                                              ;
; db/soc_system.tiscmp.slow_1100mv_85c.ddb                                             ;
; db/soc_system.tmw_info                                                               ;
; db/soc_system.vpr.ammdb                                                              ;
; FIFo1.cmp                                                                            ;
; FIFo1.qip                                                                            ;
; FIFo1.vhd                                                                            ;
; FIFo1_inst.vhd                                                                       ;
; ghrd.v                                                                               ;
; incremental_db/compiled_partitions/soc_system.db_info                                ;
; incremental_db/compiled_partitions/soc_system.root_partition.cmp.cdb                 ;
; incremental_db/compiled_partitions/soc_system.root_partition.cmp.dfp                 ;
; incremental_db/compiled_partitions/soc_system.root_partition.cmp.hbdb.cdb            ;
; incremental_db/compiled_partitions/soc_system.root_partition.cmp.hbdb.hdb            ;
; incremental_db/compiled_partitions/soc_system.root_partition.cmp.hbdb.sig            ;
; incremental_db/compiled_partitions/soc_system.root_partition.cmp.hdb                 ;
; incremental_db/compiled_partitions/soc_system.root_partition.cmp.logdb               ;
; incremental_db/compiled_partitions/soc_system.root_partition.cmp.rcfdb               ;
; incremental_db/compiled_partitions/soc_system.root_partition.map.cdb                 ;
; incremental_db/compiled_partitions/soc_system.root_partition.map.dpi                 ;
; incremental_db/compiled_partitions/soc_system.root_partition.map.hbdb.cdb            ;
; incremental_db/compiled_partitions/soc_system.root_partition.map.hbdb.hb_info        ;
; incremental_db/compiled_partitions/soc_system.root_partition.map.hbdb.hdb            ;
; incremental_db/compiled_partitions/soc_system.root_partition.map.hbdb.sig            ;
; incremental_db/compiled_partitions/soc_system.root_partition.map.hdb                 ;
; incremental_db/compiled_partitions/soc_system.root_partition.map.kpt                 ;
; incremental_db/compiled_partitions/soc_system.root_partition.rrp.kpt                 ;
; incremental_db/compiled_partitions/soc_system.rrp.hdb                                ;
; incremental_db/compiled_partitions/soc_system.rrs.cdb                                ;
; ip/altsource_probe/hps_reset.qip                                                     ;
; ip/altsource_probe/hps_reset.v                                                       ;
; ip/altsource_probe/hps_reset_bb.v                                                    ;
; ip/debounce/debounce.v                                                               ;
; ip/edge_detect/altera_edge_detector.v                                                ;
; newpll.cmp                                                                           ;
; newpll.qip                                                                           ;
; newpll.sip                                                                           ;
; newpll.spd                                                                           ;
; newpll.vhd                                                                           ;
; newpll/newpll_0002.qip                                                               ;
; newpll/newpll_0002.v                                                                 ;
; newpll_sim/newpll.vho                                                                ;
; soc_system.archive.rpt                                                               ;
; soc_system.asm.rpt                                                                   ;
; soc_system.dse.rpt                                                                   ;
; soc_system.eda.rpt                                                                   ;
; soc_system.fit.rpt                                                                   ;
; soc_system.fit.smsg                                                                  ;
; soc_system.fit.summary                                                               ;
; soc_system.flow.rpt                                                                  ;
; soc_system.jdi                                                                       ;
; soc_system.map.rpt                                                                   ;
; soc_system.map.smsg                                                                  ;
; soc_system.map.summary                                                               ;
; soc_system.merge.summary                                                             ;
; soc_system.pin                                                                       ;
; soc_system.qpf                                                                       ;
; soc_system.qsf                                                                       ;
; soc_system.sof                                                                       ;
; soc_system.sopcinfo                                                                  ;
; soc_system.sta.rpt                                                                   ;
; soc_system.sta.summary                                                               ;
; soc_system/synthesis/../../soc_system.qsys                                           ;
; soc_system/synthesis/../../soc_system.sopcinfo                                       ;
; soc_system/synthesis/../soc_system.cmp                                               ;
; soc_system/synthesis/soc_system.debuginfo                                            ;
; soc_system/synthesis/soc_system.qip                                                  ;
; soc_system/synthesis/soc_system.regmap                                               ;
; soc_system/synthesis/soc_system.v                                                    ;
; soc_system/synthesis/soc_system_hps_0_hps.svd                                        ;
; soc_system/synthesis/submodules/altdq_dqs2_acv_connect_to_hard_phy_cyclonev.sv       ;
; soc_system/synthesis/submodules/altera_avalon_packets_to_master.v                    ;
; soc_system/synthesis/submodules/altera_avalon_sc_fifo.v                              ;
; soc_system/synthesis/submodules/altera_avalon_st_bytes_to_packets.v                  ;
; soc_system/synthesis/submodules/altera_avalon_st_clock_crosser.v                     ;
; soc_system/synthesis/submodules/altera_avalon_st_idle_inserter.v                     ;
; soc_system/synthesis/submodules/altera_avalon_st_idle_remover.v                      ;
; soc_system/synthesis/submodules/altera_avalon_st_jtag_interface.sdc                  ;
; soc_system/synthesis/submodules/altera_avalon_st_jtag_interface.v                    ;
; soc_system/synthesis/submodules/altera_avalon_st_packets_to_bytes.v                  ;
; soc_system/synthesis/submodules/altera_avalon_st_pipeline_base.v                     ;
; soc_system/synthesis/submodules/altera_avalon_st_pipeline_stage.sv                   ;
; soc_system/synthesis/submodules/altera_default_burst_converter.sv                    ;
; soc_system/synthesis/submodules/altera_incr_burst_converter.sv                       ;
; soc_system/synthesis/submodules/altera_jtag_dc_streaming.v                           ;
; soc_system/synthesis/submodules/altera_jtag_sld_node.v                               ;
; soc_system/synthesis/submodules/altera_jtag_streaming.v                              ;
; soc_system/synthesis/submodules/altera_mem_if_dll_cyclonev.sv                        ;
; soc_system/synthesis/submodules/altera_mem_if_hard_memory_controller_top_cyclonev.sv ;
; soc_system/synthesis/submodules/altera_mem_if_hhp_qseq_synth_top.v                   ;
; soc_system/synthesis/submodules/altera_mem_if_oct_cyclonev.sv                        ;
; soc_system/synthesis/submodules/altera_merlin_address_alignment.sv                   ;
; soc_system/synthesis/submodules/altera_merlin_arbitrator.sv                          ;
; soc_system/synthesis/submodules/altera_merlin_axi_master_ni.sv                       ;
; soc_system/synthesis/submodules/altera_merlin_axi_slave_ni.sv                        ;
; soc_system/synthesis/submodules/altera_merlin_burst_adapter.sv                       ;
; soc_system/synthesis/submodules/altera_merlin_burst_adapter_13_1.sv                  ;
; soc_system/synthesis/submodules/altera_merlin_burst_adapter_new.sv                   ;
; soc_system/synthesis/submodules/altera_merlin_burst_uncompressor.sv                  ;
; soc_system/synthesis/submodules/altera_merlin_master_agent.sv                        ;
; soc_system/synthesis/submodules/altera_merlin_master_translator.sv                   ;
; soc_system/synthesis/submodules/altera_merlin_reorder_memory.sv                      ;
; soc_system/synthesis/submodules/altera_merlin_slave_agent.sv                         ;
; soc_system/synthesis/submodules/altera_merlin_slave_translator.sv                    ;
; soc_system/synthesis/submodules/altera_merlin_traffic_limiter.sv                     ;
; soc_system/synthesis/submodules/altera_merlin_width_adapter.sv                       ;
; soc_system/synthesis/submodules/altera_pli_streaming.v                               ;
; soc_system/synthesis/submodules/altera_reset_controller.sdc                          ;
; soc_system/synthesis/submodules/altera_reset_controller.v                            ;
; soc_system/synthesis/submodules/altera_reset_synchronizer.v                          ;
; soc_system/synthesis/submodules/altera_wrap_burst_converter.sv                       ;
; soc_system/synthesis/submodules/credit_producer.v                                    ;
; soc_system/synthesis/submodules/hps.pre.xml                                          ;
; soc_system/synthesis/submodules/hps_sdram.v                                          ;
; soc_system/synthesis/submodules/hps_sdram_p0.ppf                                     ;
; soc_system/synthesis/submodules/hps_sdram_p0.sdc                                     ;
; soc_system/synthesis/submodules/hps_sdram_p0.sv                                      ;
; soc_system/synthesis/submodules/hps_sdram_p0_acv_hard_addr_cmd_pads.v                ;
; soc_system/synthesis/submodules/hps_sdram_p0_acv_hard_io_pads.v                      ;
; soc_system/synthesis/submodules/hps_sdram_p0_acv_hard_memphy.v                       ;
; soc_system/synthesis/submodules/hps_sdram_p0_acv_ldc.v                               ;
; soc_system/synthesis/submodules/hps_sdram_p0_altdqdqs.v                              ;
; soc_system/synthesis/submodules/hps_sdram_p0_clock_pair_generator.v                  ;
; soc_system/synthesis/submodules/hps_sdram_p0_generic_ddio.v                          ;
; soc_system/synthesis/submodules/hps_sdram_p0_iss_probe.v                             ;
; soc_system/synthesis/submodules/hps_sdram_p0_parameters.tcl                          ;
; soc_system/synthesis/submodules/hps_sdram_p0_phy_csr.sv                              ;
; soc_system/synthesis/submodules/hps_sdram_p0_pin_assignments.tcl                     ;
; soc_system/synthesis/submodules/hps_sdram_p0_pin_map.tcl                             ;
; soc_system/synthesis/submodules/hps_sdram_p0_report_timing.tcl                       ;
; soc_system/synthesis/submodules/hps_sdram_p0_report_timing_core.tcl                  ;
; soc_system/synthesis/submodules/hps_sdram_p0_reset.v                                 ;
; soc_system/synthesis/submodules/hps_sdram_p0_reset_sync.v                            ;
; soc_system/synthesis/submodules/hps_sdram_p0_timing.tcl                              ;
; soc_system/synthesis/submodules/hps_sdram_pll.sv                                     ;
; soc_system/synthesis/submodules/intr_capturer.v                                      ;
; soc_system/synthesis/submodules/sequencer/alt_types.pre.h                            ;
; soc_system/synthesis/submodules/sequencer/emif.pre.xml                               ;
; soc_system/synthesis/submodules/sequencer/sdram_io.pre.h                             ;
; soc_system/synthesis/submodules/sequencer/sequencer.pre.c                            ;
; soc_system/synthesis/submodules/sequencer/sequencer.pre.h                            ;
; soc_system/synthesis/submodules/sequencer/sequencer_auto.pre.h                       ;
; soc_system/synthesis/submodules/sequencer/sequencer_auto_ac_init.pre.c               ;
; soc_system/synthesis/submodules/sequencer/sequencer_auto_inst_init.pre.c             ;
; soc_system/synthesis/submodules/sequencer/sequencer_defines.pre.h                    ;
; soc_system/synthesis/submodules/sequencer/system.pre.h                               ;
; soc_system/synthesis/submodules/sequencer/tclrpt.pre.c                               ;
; soc_system/synthesis/submodules/sequencer/tclrpt.pre.h                               ;
; soc_system/synthesis/submodules/soc_system_dac_pio.v                                 ;
; soc_system/synthesis/submodules/soc_system_fake_OK.v                                 ;
; soc_system/synthesis/submodules/soc_system_fifo_wrfull.v                             ;
; soc_system/synthesis/submodules/soc_system_fpga_only_master.v                        ;
; soc_system/synthesis/submodules/soc_system_fpga_only_master_b2p_adapter.sv           ;
; soc_system/synthesis/submodules/soc_system_fpga_only_master_p2b_adapter.sv           ;
; soc_system/synthesis/submodules/soc_system_fpga_only_master_timing_adt.sv            ;
; soc_system/synthesis/submodules/soc_system_hps_0.v                                   ;
; soc_system/synthesis/submodules/soc_system_hps_0_fpga_interfaces.sv                  ;
; soc_system/synthesis/submodules/soc_system_hps_0_hps_io.v                            ;
; soc_system/synthesis/submodules/soc_system_hps_0_hps_io_border.sdc                   ;
; soc_system/synthesis/submodules/soc_system_hps_0_hps_io_border.sv                    ;
; soc_system/synthesis/submodules/soc_system_irq_mapper.sv                             ;
; soc_system/synthesis/submodules/soc_system_irq_mapper_001.sv                         ;
; soc_system/synthesis/submodules/soc_system_jtag_uart.v                               ;
; soc_system/synthesis/submodules/soc_system_led_pio.v                                 ;
; soc_system/synthesis/submodules/soc_system_mm_interconnect_0.v                       ;
; soc_system/synthesis/submodules/soc_system_mm_interconnect_0_cmd_demux.sv            ;
; soc_system/synthesis/submodules/soc_system_mm_interconnect_0_cmd_demux_002.sv        ;
; soc_system/synthesis/submodules/soc_system_mm_interconnect_0_cmd_demux_003.sv        ;
; soc_system/synthesis/submodules/soc_system_mm_interconnect_0_cmd_mux.sv              ;
; soc_system/synthesis/submodules/soc_system_mm_interconnect_0_cmd_mux_001.sv          ;
; soc_system/synthesis/submodules/soc_system_mm_interconnect_0_cmd_mux_002.sv          ;
; soc_system/synthesis/submodules/soc_system_mm_interconnect_0_cmd_mux_004.sv          ;
; soc_system/synthesis/submodules/soc_system_mm_interconnect_0_router.sv               ;
; soc_system/synthesis/submodules/soc_system_mm_interconnect_0_router_002.sv           ;
; soc_system/synthesis/submodules/soc_system_mm_interconnect_0_router_003.sv           ;
; soc_system/synthesis/submodules/soc_system_mm_interconnect_0_router_005.sv           ;
; soc_system/synthesis/submodules/soc_system_mm_interconnect_0_router_006.sv           ;
; soc_system/synthesis/submodules/soc_system_mm_interconnect_0_router_007.sv           ;
; soc_system/synthesis/submodules/soc_system_mm_interconnect_0_router_009.sv           ;
; soc_system/synthesis/submodules/soc_system_mm_interconnect_0_rsp_demux.sv            ;
; soc_system/synthesis/submodules/soc_system_mm_interconnect_0_rsp_demux_001.sv        ;
; soc_system/synthesis/submodules/soc_system_mm_interconnect_0_rsp_demux_002.sv        ;
; soc_system/synthesis/submodules/soc_system_mm_interconnect_0_rsp_demux_004.sv        ;
; soc_system/synthesis/submodules/soc_system_mm_interconnect_0_rsp_mux.sv              ;
; soc_system/synthesis/submodules/soc_system_mm_interconnect_0_rsp_mux_002.sv          ;
; soc_system/synthesis/submodules/soc_system_mm_interconnect_0_rsp_mux_003.sv          ;
; soc_system/synthesis/submodules/soc_system_mm_interconnect_1.v                       ;
; soc_system/synthesis/submodules/soc_system_mm_interconnect_1_cmd_demux.sv            ;
; soc_system/synthesis/submodules/soc_system_mm_interconnect_1_cmd_mux.sv              ;
; soc_system/synthesis/submodules/soc_system_mm_interconnect_1_router.sv               ;
; soc_system/synthesis/submodules/soc_system_mm_interconnect_1_router_001.sv           ;
; soc_system/synthesis/submodules/soc_system_mm_interconnect_1_rsp_demux.sv            ;
; soc_system/synthesis/submodules/soc_system_mm_interconnect_1_rsp_mux.sv              ;
; soc_system/synthesis/submodules/soc_system_onchip_memory2_0.hex                      ;
; soc_system/synthesis/submodules/soc_system_onchip_memory2_0.v                        ;
; soc_system/synthesis/submodules/soc_system_opal_kelly_pio.v                          ;
; soc_system/synthesis/submodules/soc_system_sysid_qsys.v                              ;
; soc_system_assignment_defaults.qdf                                                   ;
+--------------------------------------------------------------------------------------+


