EDA Netlist Writer report for soc_system
Fri Feb 02 17:04:55 2018
Quartus II 64-Bit Version 14.1.0 Build 186 12/03/2014 SJ Web Edition


---------------------
; Table of Contents ;
---------------------
  1. Legal Notice
  2. EDA Netlist Writer Summary
  3. EDA Netlist Writer Messages



----------------
; Legal Notice ;
----------------
Copyright (C) 1991-2014 Altera Corporation. All rights reserved.
Your use of Altera Corporation's design tools, logic functions 
and other software and tools, and its AMPP partner logic 
functions, and any output files from any of the foregoing 
(including device programming or simulation files), and any 
associated documentation or information are expressly subject 
to the terms and conditions of the Altera Program License 
Subscription Agreement, the Altera Quartus II License Agreement,
the Altera MegaCore Function License Agreement, or other 
applicable license agreement, including, without limitation, 
that your use is for the sole purpose of programming logic 
devices manufactured by Altera and sold by Altera or its 
authorized distributors.  Please refer to the applicable 
agreement for further details.



+----------------------------------------------------------------------------------+
; EDA Netlist Writer Summary                                                       ;
+---------------------------+------------------------------------------------------+
; EDA Netlist Writer Status ; No Output Files Generated - Fri Feb 02 17:04:55 2018 ;
; Revision Name             ; soc_system                                           ;
; Top-level Entity Name     ; ghrd                                                 ;
; Family                    ; Cyclone V                                            ;
+---------------------------+------------------------------------------------------+


+-----------------------------+
; EDA Netlist Writer Messages ;
+-----------------------------+
Info: *******************************************************************
Info: Running Quartus II 64-Bit EDA Netlist Writer
    Info: Version 14.1.0 Build 186 12/03/2014 SJ Web Edition
    Info: Processing started: Fri Feb 02 17:04:50 2018
Info: Command: quartus_eda --read_settings_files=on --write_settings_files=off soc_system -c soc_system
Warning (20013): Ignored assignments for entity "DACpll1" -- entity does not exist in design
    Warning (20014): Assignment for entity set_global_assignment -name IP_TOOL_NAME altera_pll -entity DACpll1 -sip DACpll1.sip -library lib_DACpll1 was ignored
    Warning (20014): Assignment for entity set_global_assignment -name IP_TOOL_VERSION 14.0 -entity DACpll1 -sip DACpll1.sip -library lib_DACpll1 was ignored
    Warning (20014): Assignment for entity set_global_assignment -name IP_TOOL_ENV mwpim -entity DACpll1 -sip DACpll1.sip -library lib_DACpll1 was ignored
Warning (199027): Can't generate output files. Specify command-line options to generate output files, or update EDA tool settings using GUI or Tcl script.
Info: Quartus II 64-Bit EDA Netlist Writer was successful. 0 errors, 5 warnings
    Info: Peak virtual memory: 721 megabytes
    Info: Processing ended: Fri Feb 02 17:04:55 2018
    Info: Elapsed time: 00:00:05
    Info: Total CPU time (on all processors): 00:00:05


