Flow report for Simulations
Mon Feb 05 13:59:10 2018
Quartus II 64-Bit Version 14.1.0 Build 186 12/03/2014 SJ Web Edition


---------------------
; Table of Contents ;
---------------------
  1. Legal Notice
  2. Flow Summary
  3. Flow Settings
  4. Flow Non-Default Global Settings
  5. Flow Elapsed Time
  6. Flow OS Summary
  7. Flow Log
  8. Flow Messages
  9. Flow Suppressed Messages



----------------
; Legal Notice ;
----------------
Copyright (C) 1991-2014 Altera Corporation. All rights reserved.
Your use of Altera Corporation's design tools, logic functions 
and other software and tools, and its AMPP partner logic 
functions, and any output files from any of the foregoing 
(including device programming or simulation files), and any 
associated documentation or information are expressly subject 
to the terms and conditions of the Altera Program License 
Subscription Agreement, the Altera Quartus II License Agreement,
the Altera MegaCore Function License Agreement, or other 
applicable license agreement, including, without limitation, 
that your use is for the sole purpose of programming logic 
devices manufactured by Altera and sold by Altera or its 
authorized distributors.  Please refer to the applicable 
agreement for further details.



+------------------------------------------------------------------------------+
; Flow Summary                                                                 ;
+---------------------------------+--------------------------------------------+
; Flow Status                     ; Successful - Mon Feb 05 13:59:10 2018      ;
; Quartus II 64-Bit Version       ; 14.1.0 Build 186 12/03/2014 SJ Web Edition ;
; Revision Name                   ; Simulations                                ;
; Top-level Entity Name           ; Sim1                                       ;
; Family                          ; Cyclone V                                  ;
; Device                          ; 5CGXFC7C7F23C8                             ;
; Timing Models                   ; Final                                      ;
; Logic utilization (in ALMs)     ; 80 / 56,480 ( < 1 % )                      ;
; Total registers                 ; 155                                        ;
; Total pins                      ; 35 / 268 ( 13 % )                          ;
; Total virtual pins              ; 0                                          ;
; Total block memory bits         ; 80 / 7,024,640 ( < 1 % )                   ;
; Total DSP Blocks                ; 0 / 156 ( 0 % )                            ;
; Total HSSI RX PCSs              ; 0 / 6 ( 0 % )                              ;
; Total HSSI PMA RX Deserializers ; 0 / 6 ( 0 % )                              ;
; Total HSSI TX PCSs              ; 0 / 6 ( 0 % )                              ;
; Total HSSI PMA TX Serializers   ; 0 / 6 ( 0 % )                              ;
; Total PLLs                      ; 1 / 13 ( 8 % )                             ;
; Total DLLs                      ; 0 / 4 ( 0 % )                              ;
+---------------------------------+--------------------------------------------+


+-----------------------------------------+
; Flow Settings                           ;
+-------------------+---------------------+
; Option            ; Setting             ;
+-------------------+---------------------+
; Start date & time ; 02/05/2018 13:36:58 ;
; Main task         ; Compilation         ;
; Revision Name     ; Simulations         ;
+-------------------+---------------------+


+---------------------------------------------------------------------------------------------------------------------+
; Flow Non-Default Global Settings                                                                                    ;
+-------------------------------------+--------------------------------+---------------+-------------+----------------+
; Assignment Name                     ; Value                          ; Default Value ; Entity Name ; Section Id     ;
+-------------------------------------+--------------------------------+---------------+-------------+----------------+
; COMPILER_SIGNATURE_ID               ; 84440844731168.151785581802580 ; --            ; --          ; --             ;
; EDA_OUTPUT_DATA_FORMAT              ; Vhdl                           ; --            ; --          ; eda_simulation ;
; EDA_SIMULATION_TOOL                 ; ModelSim-Altera (VHDL)         ; <None>        ; --          ; --             ;
; MAX_CORE_JUNCTION_TEMP              ; 85                             ; --            ; --          ; --             ;
; MIN_CORE_JUNCTION_TEMP              ; 0                              ; --            ; --          ; --             ;
; MISC_FILE                           ; ../FIFo1_inst.vhd              ; --            ; --          ; --             ;
; MISC_FILE                           ; ../FIFo1.inc                   ; --            ; --          ; --             ;
; MISC_FILE                           ; ../FIFo1.cmp                   ; --            ; --          ; --             ;
; PARTITION_COLOR                     ; 16764057                       ; --            ; Sim1        ; Top            ;
; PARTITION_FITTER_PRESERVATION_LEVEL ; PLACEMENT_AND_ROUTING          ; --            ; Sim1        ; Top            ;
; PARTITION_NETLIST_TYPE              ; SOURCE                         ; --            ; Sim1        ; Top            ;
; PROJECT_OUTPUT_DIRECTORY            ; output_files                   ; --            ; --          ; --             ;
; TOP_LEVEL_ENTITY                    ; Sim1                           ; Simulations   ; --          ; --             ;
+-------------------------------------+--------------------------------+---------------+-------------+----------------+


+-------------------------------------------------------------------------------------------------------------------------------+
; Flow Elapsed Time                                                                                                             ;
+---------------------------+--------------+-------------------------+---------------------+------------------------------------+
; Module Name               ; Elapsed Time ; Average Processors Used ; Peak Virtual Memory ; Total CPU Time (on all processors) ;
+---------------------------+--------------+-------------------------+---------------------+------------------------------------+
; Analysis & Synthesis      ; 00:00:09     ; 1.0                     ; 758 MB              ; 00:00:16                           ;
; Fitter                    ; 00:00:33     ; 1.6                     ; 2773 MB             ; 00:00:52                           ;
; Assembler                 ; 00:00:09     ; 1.0                     ; 721 MB              ; 00:00:08                           ;
; TimeQuest Timing Analyzer ; 00:00:07     ; 1.0                     ; 1194 MB             ; 00:00:07                           ;
; EDA Netlist Writer        ; 00:00:01     ; 1.0                     ; 763 MB              ; 00:00:01                           ;
; EDA Netlist Writer        ; 00:00:01     ; 1.0                     ; 630 MB              ; 00:00:01                           ;
; EDA Netlist Writer        ; 00:00:01     ; 1.0                     ; 752 MB              ; 00:00:01                           ;
; EDA Netlist Writer        ; 00:00:01     ; 1.0                     ; 630 MB              ; 00:00:01                           ;
; EDA Netlist Writer        ; 00:00:01     ; 1.0                     ; 752 MB              ; 00:00:01                           ;
; EDA Netlist Writer        ; 00:00:00     ; 1.0                     ; 630 MB              ; 00:00:01                           ;
; EDA Netlist Writer        ; 00:00:02     ; 1.0                     ; 752 MB              ; 00:00:01                           ;
; EDA Netlist Writer        ; 00:00:00     ; 1.0                     ; 630 MB              ; 00:00:01                           ;
; EDA Netlist Writer        ; 00:00:02     ; 1.0                     ; 752 MB              ; 00:00:01                           ;
; EDA Netlist Writer        ; 00:00:01     ; 1.0                     ; 630 MB              ; 00:00:01                           ;
; EDA Netlist Writer        ; 00:00:01     ; 1.0                     ; 752 MB              ; 00:00:01                           ;
; EDA Netlist Writer        ; 00:00:01     ; 1.0                     ; 630 MB              ; 00:00:01                           ;
; EDA Netlist Writer        ; 00:00:01     ; 1.0                     ; 752 MB              ; 00:00:01                           ;
; EDA Netlist Writer        ; 00:00:01     ; 1.0                     ; 630 MB              ; 00:00:01                           ;
; EDA Netlist Writer        ; 00:00:01     ; 1.0                     ; 761 MB              ; 00:00:01                           ;
; Total                     ; 00:01:13     ; --                      ; --                  ; 00:01:38                           ;
+---------------------------+--------------+-------------------------+---------------------+------------------------------------+


+----------------------------------------------------------------------------------------+
; Flow OS Summary                                                                        ;
+---------------------------+------------------+-----------+------------+----------------+
; Module Name               ; Machine Hostname ; OS Name   ; OS Version ; Processor type ;
+---------------------------+------------------+-----------+------------+----------------+
; Analysis & Synthesis      ; DESKTOP-D2522SJ  ; Windows 7 ; 6.2        ; x86_64         ;
; Fitter                    ; DESKTOP-D2522SJ  ; Windows 7 ; 6.2        ; x86_64         ;
; Assembler                 ; DESKTOP-D2522SJ  ; Windows 7 ; 6.2        ; x86_64         ;
; TimeQuest Timing Analyzer ; DESKTOP-D2522SJ  ; Windows 7 ; 6.2        ; x86_64         ;
; EDA Netlist Writer        ; DESKTOP-D2522SJ  ; Windows 7 ; 6.2        ; x86_64         ;
; EDA Netlist Writer        ; DESKTOP-D2522SJ  ; Windows 7 ; 6.2        ; x86_64         ;
; EDA Netlist Writer        ; DESKTOP-D2522SJ  ; Windows 7 ; 6.2        ; x86_64         ;
; EDA Netlist Writer        ; DESKTOP-D2522SJ  ; Windows 7 ; 6.2        ; x86_64         ;
; EDA Netlist Writer        ; DESKTOP-D2522SJ  ; Windows 7 ; 6.2        ; x86_64         ;
; EDA Netlist Writer        ; DESKTOP-D2522SJ  ; Windows 7 ; 6.2        ; x86_64         ;
; EDA Netlist Writer        ; DESKTOP-D2522SJ  ; Windows 7 ; 6.2        ; x86_64         ;
; EDA Netlist Writer        ; DESKTOP-D2522SJ  ; Windows 7 ; 6.2        ; x86_64         ;
; EDA Netlist Writer        ; DESKTOP-D2522SJ  ; Windows 7 ; 6.2        ; x86_64         ;
; EDA Netlist Writer        ; DESKTOP-D2522SJ  ; Windows 7 ; 6.2        ; x86_64         ;
; EDA Netlist Writer        ; DESKTOP-D2522SJ  ; Windows 7 ; 6.2        ; x86_64         ;
; EDA Netlist Writer        ; DESKTOP-D2522SJ  ; Windows 7 ; 6.2        ; x86_64         ;
; EDA Netlist Writer        ; DESKTOP-D2522SJ  ; Windows 7 ; 6.2        ; x86_64         ;
; EDA Netlist Writer        ; DESKTOP-D2522SJ  ; Windows 7 ; 6.2        ; x86_64         ;
; EDA Netlist Writer        ; DESKTOP-D2522SJ  ; Windows 7 ; 6.2        ; x86_64         ;
+---------------------------+------------------+-----------+------------+----------------+


------------
; Flow Log ;
------------
quartus_map --read_settings_files=on --write_settings_files=off Simulations -c Simulations
quartus_fit --read_settings_files=off --write_settings_files=off Simulations -c Simulations
quartus_asm --read_settings_files=off --write_settings_files=off Simulations -c Simulations
quartus_sta Simulations -c Simulations
quartus_eda --read_settings_files=off --write_settings_files=off Simulations -c Simulations
quartus_eda --gen_testbench --check_outputs=on --tool=modelsim_oem --format=verilog --write_settings_files=off Simulations -c Simulations --vector_source=C:/Users/Dypole/Documents/FIFO_Version/Simulations/Waveform.vwf --testbench_file=C:/Users/Dypole/Documents/FIFO_Version/Simulations/simulation/qsim/Waveform.vwf.vt
quartus_eda --write_settings_files=off --functional=on --flatten_buses=off --simulation=on --tool=modelsim_oem --format=verilog --output_directory=C:/Users/Dypole/Documents/FIFO_Version/Simulations/simulation/qsim/ Simulations -c Simulations
quartus_eda --gen_testbench --check_outputs=on --tool=modelsim_oem --format=verilog --write_settings_files=off Simulations -c Simulations --vector_source=C:/Users/Dypole/Documents/FIFO_Version/Simulations/Waveform.vwf --testbench_file=C:/Users/Dypole/Documents/FIFO_Version/Simulations/simulation/qsim/Waveform.vwf.vt
quartus_eda --write_settings_files=off --functional=on --flatten_buses=off --simulation=on --tool=modelsim_oem --format=verilog --output_directory=C:/Users/Dypole/Documents/FIFO_Version/Simulations/simulation/qsim/ Simulations -c Simulations
quartus_eda --gen_testbench --check_outputs=on --tool=modelsim_oem --format=verilog --write_settings_files=off Simulations -c Simulations --vector_source=C:/Users/Dypole/Documents/FIFO_Version/Simulations/Waveform.vwf --testbench_file=C:/Users/Dypole/Documents/FIFO_Version/Simulations/simulation/qsim/Waveform.vwf.vt
quartus_eda --write_settings_files=off --functional=on --flatten_buses=off --simulation=on --tool=modelsim_oem --format=verilog --output_directory=C:/Users/Dypole/Documents/FIFO_Version/Simulations/simulation/qsim/ Simulations -c Simulations
quartus_eda --gen_testbench --check_outputs=on --tool=modelsim_oem --format=verilog --write_settings_files=off Simulations -c Simulations --vector_source=C:/Users/Dypole/Documents/FIFO_Version/Simulations/Waveform.vwf --testbench_file=C:/Users/Dypole/Documents/FIFO_Version/Simulations/simulation/qsim/Waveform.vwf.vt
quartus_eda --write_settings_files=off --functional=on --flatten_buses=off --simulation=on --tool=modelsim_oem --format=verilog --output_directory=C:/Users/Dypole/Documents/FIFO_Version/Simulations/simulation/qsim/ Simulations -c Simulations
quartus_eda --gen_testbench --check_outputs=on --tool=modelsim_oem --format=verilog --write_settings_files=off Simulations -c Simulations --vector_source=C:/Users/Dypole/Documents/FIFO_Version/Simulations/Waveform.vwf --testbench_file=C:/Users/Dypole/Documents/FIFO_Version/Simulations/simulation/qsim/Waveform.vwf.vt
quartus_eda --write_settings_files=off --functional=on --flatten_buses=off --simulation=on --tool=modelsim_oem --format=verilog --output_directory=C:/Users/Dypole/Documents/FIFO_Version/Simulations/simulation/qsim/ Simulations -c Simulations
quartus_eda --gen_testbench --check_outputs=on --tool=modelsim_oem --format=verilog --write_settings_files=off Simulations -c Simulations --vector_source=C:/Users/Dypole/Documents/FIFO_Version/Simulations/Waveform.vwf --testbench_file=C:/Users/Dypole/Documents/FIFO_Version/Simulations/simulation/qsim/Waveform.vwf.vt
quartus_eda --write_settings_files=off --functional=on --flatten_buses=off --simulation=on --tool=modelsim_oem --format=verilog --output_directory=C:/Users/Dypole/Documents/FIFO_Version/Simulations/simulation/qsim/ Simulations -c Simulations
quartus_eda --gen_testbench --check_outputs=on --tool=modelsim_oem --format=verilog --write_settings_files=off Simulations -c Simulations --vector_source=C:/Users/Dypole/Documents/FIFO_Version/Simulations/Waveform.vwf --testbench_file=C:/Users/Dypole/Documents/FIFO_Version/Simulations/simulation/qsim/Waveform.vwf.vt
quartus_eda --write_settings_files=off --functional=off --flatten_buses=off --timescale=1ps --simulation=on --tool=modelsim_oem --format=verilog --output_directory=C:/Users/Dypole/Documents/FIFO_Version/Simulations/simulation/qsim/ Simulations -c Simulations



